Determining if the pthread_create exist failed with the following output:
Change Dir: /home/marcus/openrave/build/CMakeFiles/CMakeTmp

Run Build Command:"/usr/bin/make" "cmTC_288a2/fast"
/usr/bin/make -f CMakeFiles/cmTC_288a2.dir/build.make CMakeFiles/cmTC_288a2.dir/build
make[1]: Entering directory '/home/marcus/openrave/build/CMakeFiles/CMakeTmp'
Building C object CMakeFiles/cmTC_288a2.dir/CheckSymbolExists.c.o
/usr/bin/cc    -O3 -DNDEBUG   -o CMakeFiles/cmTC_288a2.dir/CheckSymbolExists.c.o   -c /home/marcus/openrave/build/CMakeFiles/CMakeTmp/CheckSymbolExists.c
Linking C executable cmTC_288a2
/usr/bin/cmake -E cmake_link_script CMakeFiles/cmTC_288a2.dir/link.txt --verbose=1
/usr/bin/cc    -O3 -DNDEBUG    CMakeFiles/cmTC_288a2.dir/CheckSymbolExists.c.o  -o cmTC_288a2 -rdynamic 
CMakeFiles/cmTC_288a2.dir/CheckSymbolExists.c.o: In function `main':
CheckSymbolExists.c:(.text.startup+0x6): undefined reference to `pthread_create'
collect2: error: ld returned 1 exit status
CMakeFiles/cmTC_288a2.dir/build.make:97: recipe for target 'cmTC_288a2' failed
make[1]: *** [cmTC_288a2] Error 1
make[1]: Leaving directory '/home/marcus/openrave/build/CMakeFiles/CMakeTmp'
Makefile:126: recipe for target 'cmTC_288a2/fast' failed
make: *** [cmTC_288a2/fast] Error 2

File /home/marcus/openrave/build/CMakeFiles/CMakeTmp/CheckSymbolExists.c:
/* */
#include <pthread.h>

int main(int argc, char** argv)
{
  (void)argv;
#ifndef pthread_create
  return ((int*)(&pthread_create))[argc];
#else
  (void)argc;
  return 0;
#endif
}

Determining if the function pthread_create exists in the pthreads failed with the following output:
Change Dir: /home/marcus/openrave/build/CMakeFiles/CMakeTmp

Run Build Command:"/usr/bin/make" "cmTC_1f2c0/fast"
/usr/bin/make -f CMakeFiles/cmTC_1f2c0.dir/build.make CMakeFiles/cmTC_1f2c0.dir/build
make[1]: Entering directory '/home/marcus/openrave/build/CMakeFiles/CMakeTmp'
Building C object CMakeFiles/cmTC_1f2c0.dir/CheckFunctionExists.c.o
/usr/bin/cc    -DCHECK_FUNCTION_EXISTS=pthread_create -O3 -DNDEBUG   -o CMakeFiles/cmTC_1f2c0.dir/CheckFunctionExists.c.o   -c /usr/share/cmake-3.5/Modules/CheckFunctionExists.c
Linking C executable cmTC_1f2c0
/usr/bin/cmake -E cmake_link_script CMakeFiles/cmTC_1f2c0.dir/link.txt --verbose=1
/usr/bin/cc   -DCHECK_FUNCTION_EXISTS=pthread_create -O3 -DNDEBUG    CMakeFiles/cmTC_1f2c0.dir/CheckFunctionExists.c.o  -o cmTC_1f2c0 -rdynamic -lpthreads 
/usr/bin/ld: cannot find -lpthreads
collect2: error: ld returned 1 exit status
CMakeFiles/cmTC_1f2c0.dir/build.make:97: recipe for target 'cmTC_1f2c0' failed
make[1]: *** [cmTC_1f2c0] Error 1
make[1]: Leaving directory '/home/marcus/openrave/build/CMakeFiles/CMakeTmp'
Makefile:126: recipe for target 'cmTC_1f2c0/fast' failed
make: *** [cmTC_1f2c0/fast] Error 2


Determining if the function crlibm_init exists in the crlibm failed with the following output:
Change Dir: /home/marcus/openrave/build/CMakeFiles/CMakeTmp

Run Build Command:"/usr/bin/make" "cmTC_fdc12/fast"
/usr/bin/make -f CMakeFiles/cmTC_fdc12.dir/build.make CMakeFiles/cmTC_fdc12.dir/build
make[1]: Entering directory '/home/marcus/openrave/build/CMakeFiles/CMakeTmp'
Building C object CMakeFiles/cmTC_fdc12.dir/CheckFunctionExists.c.o
/usr/bin/cc    -DCHECK_FUNCTION_EXISTS=crlibm_init -O3 -DNDEBUG   -o CMakeFiles/cmTC_fdc12.dir/CheckFunctionExists.c.o   -c /usr/share/cmake-3.5/Modules/CheckFunctionExists.c
Linking C executable cmTC_fdc12
/usr/bin/cmake -E cmake_link_script CMakeFiles/cmTC_fdc12.dir/link.txt --verbose=1
/usr/bin/cc   -DCHECK_FUNCTION_EXISTS=crlibm_init -O3 -DNDEBUG    CMakeFiles/cmTC_fdc12.dir/CheckFunctionExists.c.o  -o cmTC_fdc12 -rdynamic -lcrlibm 
/usr/bin/ld: cannot find -lcrlibm
collect2: error: ld returned 1 exit status
CMakeFiles/cmTC_fdc12.dir/build.make:97: recipe for target 'cmTC_fdc12' failed
make[1]: *** [cmTC_fdc12] Error 1
make[1]: Leaving directory '/home/marcus/openrave/build/CMakeFiles/CMakeTmp'
Makefile:126: recipe for target 'cmTC_fdc12/fast' failed
make: *** [cmTC_fdc12/fast] Error 2


Determining if the include file crlibm.h exists failed with the following output:
Change Dir: /home/marcus/openrave/build/CMakeFiles/CMakeTmp

Run Build Command:"/usr/bin/make" "cmTC_5cd37/fast"
/usr/bin/make -f CMakeFiles/cmTC_5cd37.dir/build.make CMakeFiles/cmTC_5cd37.dir/build
make[1]: Entering directory '/home/marcus/openrave/build/CMakeFiles/CMakeTmp'
Building C object CMakeFiles/cmTC_5cd37.dir/CheckIncludeFile.c.o
/usr/bin/cc    -O3 -DNDEBUG   -o CMakeFiles/cmTC_5cd37.dir/CheckIncludeFile.c.o   -c /home/marcus/openrave/build/CMakeFiles/CMakeTmp/CheckIncludeFile.c
/home/marcus/openrave/build/CMakeFiles/CMakeTmp/CheckIncludeFile.c:1:20: fatal error: crlibm.h: No such file or directory
compilation terminated.
CMakeFiles/cmTC_5cd37.dir/build.make:65: recipe for target 'CMakeFiles/cmTC_5cd37.dir/CheckIncludeFile.c.o' failed
make[1]: *** [CMakeFiles/cmTC_5cd37.dir/CheckIncludeFile.c.o] Error 1
make[1]: Leaving directory '/home/marcus/openrave/build/CMakeFiles/CMakeTmp'
Makefile:126: recipe for target 'cmTC_5cd37/fast' failed
make: *** [cmTC_5cd37/fast] Error 2


Performing C++ SOURCE FILE Test IS_ASSIMP_PRE_R896 failed with the following output:
Change Dir: /home/marcus/openrave/build/CMakeFiles/CMakeTmp

Run Build Command:"/usr/bin/make" "cmTC_b6b02/fast"
/usr/bin/make -f CMakeFiles/cmTC_b6b02.dir/build.make CMakeFiles/cmTC_b6b02.dir/build
make[1]: Entering directory '/home/marcus/openrave/build/CMakeFiles/CMakeTmp'
Building CXX object CMakeFiles/cmTC_b6b02.dir/src.cxx.o
/usr/bin/c++     -DIS_ASSIMP_PRE_R896 -O3 -DNDEBUG   -o CMakeFiles/cmTC_b6b02.dir/src.cxx.o -c /home/marcus/openrave/build/CMakeFiles/CMakeTmp/src.cxx
/home/marcus/openrave/build/CMakeFiles/CMakeTmp/src.cxx:2:30: fatal error: assimp/Logger.h: No such file or directory
compilation terminated.
CMakeFiles/cmTC_b6b02.dir/build.make:65: recipe for target 'CMakeFiles/cmTC_b6b02.dir/src.cxx.o' failed
make[1]: *** [CMakeFiles/cmTC_b6b02.dir/src.cxx.o] Error 1
make[1]: Leaving directory '/home/marcus/openrave/build/CMakeFiles/CMakeTmp'
Makefile:126: recipe for target 'cmTC_b6b02/fast' failed
make: *** [cmTC_b6b02/fast] Error 2

Source file was:
 
  #include <assimp/Logger.h> 
  int main() 
  { 
      Assimp::Logger::WARN; 
      return 0; 
  }
Determining if the function qh_new_qhull exists in the qhull_r failed with the following output:
Change Dir: /home/marcus/openrave/build/CMakeFiles/CMakeTmp

Run Build Command:"/usr/bin/make" "cmTC_63217/fast"
/usr/bin/make -f CMakeFiles/cmTC_63217.dir/build.make CMakeFiles/cmTC_63217.dir/build
make[1]: Entering directory '/home/marcus/openrave/build/CMakeFiles/CMakeTmp'
Building C object CMakeFiles/cmTC_63217.dir/CheckFunctionExists.c.o
/usr/bin/cc    -DCHECK_FUNCTION_EXISTS=qh_new_qhull -O3 -DNDEBUG   -o CMakeFiles/cmTC_63217.dir/CheckFunctionExists.c.o   -c /usr/share/cmake-3.5/Modules/CheckFunctionExists.c
Linking C executable cmTC_63217
/usr/bin/cmake -E cmake_link_script CMakeFiles/cmTC_63217.dir/link.txt --verbose=1
/usr/bin/cc   -DCHECK_FUNCTION_EXISTS=qh_new_qhull -O3 -DNDEBUG    CMakeFiles/cmTC_63217.dir/CheckFunctionExists.c.o  -o cmTC_63217 -rdynamic -lqhull_r 
/usr/bin/ld: cannot find -lqhull_r
collect2: error: ld returned 1 exit status
CMakeFiles/cmTC_63217.dir/build.make:97: recipe for target 'cmTC_63217' failed
make[1]: *** [cmTC_63217] Error 1
make[1]: Leaving directory '/home/marcus/openrave/build/CMakeFiles/CMakeTmp'
Makefile:126: recipe for target 'cmTC_63217/fast' failed
make: *** [cmTC_63217/fast] Error 2


Determining if the include file ANN/ANN.h exists failed with the following output:
Change Dir: /home/marcus/openrave/build/CMakeFiles/CMakeTmp

Run Build Command:"/usr/bin/make" "cmTC_016bb/fast"
/usr/bin/make -f CMakeFiles/cmTC_016bb.dir/build.make CMakeFiles/cmTC_016bb.dir/build
make[1]: Entering directory '/home/marcus/openrave/build/CMakeFiles/CMakeTmp'
Building CXX object CMakeFiles/cmTC_016bb.dir/CheckIncludeFile.cxx.o
/usr/bin/c++     -O3 -DNDEBUG   -o CMakeFiles/cmTC_016bb.dir/CheckIncludeFile.cxx.o -c /home/marcus/openrave/build/CMakeFiles/CMakeTmp/CheckIncludeFile.cxx
/home/marcus/openrave/build/CMakeFiles/CMakeTmp/CheckIncludeFile.cxx:1:21: fatal error: ANN/ANN.h: No such file or directory
compilation terminated.
CMakeFiles/cmTC_016bb.dir/build.make:65: recipe for target 'CMakeFiles/cmTC_016bb.dir/CheckIncludeFile.cxx.o' failed
make[1]: *** [CMakeFiles/cmTC_016bb.dir/CheckIncludeFile.cxx.o] Error 1
make[1]: Leaving directory '/home/marcus/openrave/build/CMakeFiles/CMakeTmp'
Makefile:126: recipe for target 'cmTC_016bb/fast' failed
make: *** [cmTC_016bb/fast] Error 2


Determining if the function asinh exists failed with the following output:
Change Dir: /home/marcus/openrave/build/CMakeFiles/CMakeTmp

Run Build Command:"/usr/bin/make" "cmTC_4862b/fast"
/usr/bin/make -f CMakeFiles/cmTC_4862b.dir/build.make CMakeFiles/cmTC_4862b.dir/build
make[1]: Entering directory '/home/marcus/openrave/build/CMakeFiles/CMakeTmp'
Building C object CMakeFiles/cmTC_4862b.dir/CheckFunctionExists.c.o
/usr/bin/cc    -DCHECK_FUNCTION_EXISTS=asinh -O3 -DNDEBUG   -o CMakeFiles/cmTC_4862b.dir/CheckFunctionExists.c.o   -c /usr/share/cmake-3.5/Modules/CheckFunctionExists.c
<command-line>:0:23: warning: conflicting types for built-in function ‘asinh’
/usr/share/cmake-3.5/Modules/CheckFunctionExists.c:6:6: note: in expansion of macro ‘CHECK_FUNCTION_EXISTS’
 char CHECK_FUNCTION_EXISTS();
      ^
Linking C executable cmTC_4862b
/usr/bin/cmake -E cmake_link_script CMakeFiles/cmTC_4862b.dir/link.txt --verbose=1
/usr/bin/cc   -DCHECK_FUNCTION_EXISTS=asinh -O3 -DNDEBUG    CMakeFiles/cmTC_4862b.dir/CheckFunctionExists.c.o  -o cmTC_4862b -rdynamic 
CMakeFiles/cmTC_4862b.dir/CheckFunctionExists.c.o: In function `main':
CheckFunctionExists.c:(.text.startup+0xe): undefined reference to `asinh'
collect2: error: ld returned 1 exit status
CMakeFiles/cmTC_4862b.dir/build.make:97: recipe for target 'cmTC_4862b' failed
make[1]: *** [cmTC_4862b] Error 1
make[1]: Leaving directory '/home/marcus/openrave/build/CMakeFiles/CMakeTmp'
Makefile:126: recipe for target 'cmTC_4862b/fast' failed
make: *** [cmTC_4862b/fast] Error 2


Determining if the function acosh exists failed with the following output:
Change Dir: /home/marcus/openrave/build/CMakeFiles/CMakeTmp

Run Build Command:"/usr/bin/make" "cmTC_f5ff8/fast"
/usr/bin/make -f CMakeFiles/cmTC_f5ff8.dir/build.make CMakeFiles/cmTC_f5ff8.dir/build
make[1]: Entering directory '/home/marcus/openrave/build/CMakeFiles/CMakeTmp'
Building C object CMakeFiles/cmTC_f5ff8.dir/CheckFunctionExists.c.o
/usr/bin/cc    -DCHECK_FUNCTION_EXISTS=acosh -O3 -DNDEBUG   -o CMakeFiles/cmTC_f5ff8.dir/CheckFunctionExists.c.o   -c /usr/share/cmake-3.5/Modules/CheckFunctionExists.c
<command-line>:0:23: warning: conflicting types for built-in function ‘acosh’
/usr/share/cmake-3.5/Modules/CheckFunctionExists.c:6:6: note: in expansion of macro ‘CHECK_FUNCTION_EXISTS’
 char CHECK_FUNCTION_EXISTS();
      ^
Linking C executable cmTC_f5ff8
/usr/bin/cmake -E cmake_link_script CMakeFiles/cmTC_f5ff8.dir/link.txt --verbose=1
/usr/bin/cc   -DCHECK_FUNCTION_EXISTS=acosh -O3 -DNDEBUG    CMakeFiles/cmTC_f5ff8.dir/CheckFunctionExists.c.o  -o cmTC_f5ff8 -rdynamic 
CMakeFiles/cmTC_f5ff8.dir/CheckFunctionExists.c.o: In function `main':
CheckFunctionExists.c:(.text.startup+0xe): undefined reference to `acosh'
collect2: error: ld returned 1 exit status
CMakeFiles/cmTC_f5ff8.dir/build.make:97: recipe for target 'cmTC_f5ff8' failed
make[1]: *** [cmTC_f5ff8] Error 1
make[1]: Leaving directory '/home/marcus/openrave/build/CMakeFiles/CMakeTmp'
Makefile:126: recipe for target 'cmTC_f5ff8/fast' failed
make: *** [cmTC_f5ff8/fast] Error 2


Determining if the function atanh exists failed with the following output:
Change Dir: /home/marcus/openrave/build/CMakeFiles/CMakeTmp

Run Build Command:"/usr/bin/make" "cmTC_34350/fast"
/usr/bin/make -f CMakeFiles/cmTC_34350.dir/build.make CMakeFiles/cmTC_34350.dir/build
make[1]: Entering directory '/home/marcus/openrave/build/CMakeFiles/CMakeTmp'
Building C object CMakeFiles/cmTC_34350.dir/CheckFunctionExists.c.o
/usr/bin/cc    -DCHECK_FUNCTION_EXISTS=atanh -O3 -DNDEBUG   -o CMakeFiles/cmTC_34350.dir/CheckFunctionExists.c.o   -c /usr/share/cmake-3.5/Modules/CheckFunctionExists.c
<command-line>:0:23: warning: conflicting types for built-in function ‘atanh’
/usr/share/cmake-3.5/Modules/CheckFunctionExists.c:6:6: note: in expansion of macro ‘CHECK_FUNCTION_EXISTS’
 char CHECK_FUNCTION_EXISTS();
      ^
Linking C executable cmTC_34350
/usr/bin/cmake -E cmake_link_script CMakeFiles/cmTC_34350.dir/link.txt --verbose=1
/usr/bin/cc   -DCHECK_FUNCTION_EXISTS=atanh -O3 -DNDEBUG    CMakeFiles/cmTC_34350.dir/CheckFunctionExists.c.o  -o cmTC_34350 -rdynamic 
CMakeFiles/cmTC_34350.dir/CheckFunctionExists.c.o: In function `main':
CheckFunctionExists.c:(.text.startup+0xe): undefined reference to `atanh'
collect2: error: ld returned 1 exit status
CMakeFiles/cmTC_34350.dir/build.make:97: recipe for target 'cmTC_34350' failed
make[1]: *** [cmTC_34350] Error 1
make[1]: Leaving directory '/home/marcus/openrave/build/CMakeFiles/CMakeTmp'
Makefile:126: recipe for target 'cmTC_34350/fast' failed
make: *** [cmTC_34350/fast] Error 2


Determining if the function exp2 exists failed with the following output:
Change Dir: /home/marcus/openrave/build/CMakeFiles/CMakeTmp

Run Build Command:"/usr/bin/make" "cmTC_eb677/fast"
/usr/bin/make -f CMakeFiles/cmTC_eb677.dir/build.make CMakeFiles/cmTC_eb677.dir/build
make[1]: Entering directory '/home/marcus/openrave/build/CMakeFiles/CMakeTmp'
Building C object CMakeFiles/cmTC_eb677.dir/CheckFunctionExists.c.o
/usr/bin/cc    -DCHECK_FUNCTION_EXISTS=exp2 -O3 -DNDEBUG   -o CMakeFiles/cmTC_eb677.dir/CheckFunctionExists.c.o   -c /usr/share/cmake-3.5/Modules/CheckFunctionExists.c
<command-line>:0:23: warning: conflicting types for built-in function ‘exp2’
/usr/share/cmake-3.5/Modules/CheckFunctionExists.c:6:6: note: in expansion of macro ‘CHECK_FUNCTION_EXISTS’
 char CHECK_FUNCTION_EXISTS();
      ^
Linking C executable cmTC_eb677
/usr/bin/cmake -E cmake_link_script CMakeFiles/cmTC_eb677.dir/link.txt --verbose=1
/usr/bin/cc   -DCHECK_FUNCTION_EXISTS=exp2 -O3 -DNDEBUG    CMakeFiles/cmTC_eb677.dir/CheckFunctionExists.c.o  -o cmTC_eb677 -rdynamic 
CMakeFiles/cmTC_eb677.dir/CheckFunctionExists.c.o: In function `main':
CheckFunctionExists.c:(.text.startup+0xe): undefined reference to `exp2'
collect2: error: ld returned 1 exit status
CMakeFiles/cmTC_eb677.dir/build.make:97: recipe for target 'cmTC_eb677' failed
make[1]: *** [cmTC_eb677] Error 1
make[1]: Leaving directory '/home/marcus/openrave/build/CMakeFiles/CMakeTmp'
Makefile:126: recipe for target 'cmTC_eb677/fast' failed
make: *** [cmTC_eb677/fast] Error 2


Determining if the function log2 exists failed with the following output:
Change Dir: /home/marcus/openrave/build/CMakeFiles/CMakeTmp

Run Build Command:"/usr/bin/make" "cmTC_2117d/fast"
/usr/bin/make -f CMakeFiles/cmTC_2117d.dir/build.make CMakeFiles/cmTC_2117d.dir/build
make[1]: Entering directory '/home/marcus/openrave/build/CMakeFiles/CMakeTmp'
Building C object CMakeFiles/cmTC_2117d.dir/CheckFunctionExists.c.o
/usr/bin/cc    -DCHECK_FUNCTION_EXISTS=log2 -O3 -DNDEBUG   -o CMakeFiles/cmTC_2117d.dir/CheckFunctionExists.c.o   -c /usr/share/cmake-3.5/Modules/CheckFunctionExists.c
<command-line>:0:23: warning: conflicting types for built-in function ‘log2’
/usr/share/cmake-3.5/Modules/CheckFunctionExists.c:6:6: note: in expansion of macro ‘CHECK_FUNCTION_EXISTS’
 char CHECK_FUNCTION_EXISTS();
      ^
Linking C executable cmTC_2117d
/usr/bin/cmake -E cmake_link_script CMakeFiles/cmTC_2117d.dir/link.txt --verbose=1
/usr/bin/cc   -DCHECK_FUNCTION_EXISTS=log2 -O3 -DNDEBUG    CMakeFiles/cmTC_2117d.dir/CheckFunctionExists.c.o  -o cmTC_2117d -rdynamic 
CMakeFiles/cmTC_2117d.dir/CheckFunctionExists.c.o: In function `main':
CheckFunctionExists.c:(.text.startup+0xe): undefined reference to `log2'
collect2: error: ld returned 1 exit status
CMakeFiles/cmTC_2117d.dir/build.make:97: recipe for target 'cmTC_2117d' failed
make[1]: *** [cmTC_2117d] Error 1
make[1]: Leaving directory '/home/marcus/openrave/build/CMakeFiles/CMakeTmp'
Makefile:126: recipe for target 'cmTC_2117d/fast' failed
make: *** [cmTC_2117d/fast] Error 2


Determining if the include file ffmpeg/avformat.h exists failed with the following output:
Change Dir: /home/marcus/openrave/build/CMakeFiles/CMakeTmp

Run Build Command:"/usr/bin/make" "cmTC_c5c2c/fast"
/usr/bin/make -f CMakeFiles/cmTC_c5c2c.dir/build.make CMakeFiles/cmTC_c5c2c.dir/build
make[1]: Entering directory '/home/marcus/openrave/build/CMakeFiles/CMakeTmp'
Building C object CMakeFiles/cmTC_c5c2c.dir/CheckIncludeFile.c.o
/usr/bin/cc   -I/usr/include/x86_64-linux-gnu  -O3 -DNDEBUG   -o CMakeFiles/cmTC_c5c2c.dir/CheckIncludeFile.c.o   -c /home/marcus/openrave/build/CMakeFiles/CMakeTmp/CheckIncludeFile.c
/home/marcus/openrave/build/CMakeFiles/CMakeTmp/CheckIncludeFile.c:1:29: fatal error: ffmpeg/avformat.h: No such file or directory
compilation terminated.
CMakeFiles/cmTC_c5c2c.dir/build.make:65: recipe for target 'CMakeFiles/cmTC_c5c2c.dir/CheckIncludeFile.c.o' failed
make[1]: *** [CMakeFiles/cmTC_c5c2c.dir/CheckIncludeFile.c.o] Error 1
make[1]: Leaving directory '/home/marcus/openrave/build/CMakeFiles/CMakeTmp'
Makefile:126: recipe for target 'cmTC_c5c2c/fast' failed
make: *** [cmTC_c5c2c/fast] Error 2


Determining if the include file ffmpeg/avcodec.h exists failed with the following output:
Change Dir: /home/marcus/openrave/build/CMakeFiles/CMakeTmp

Run Build Command:"/usr/bin/make" "cmTC_55361/fast"
/usr/bin/make -f CMakeFiles/cmTC_55361.dir/build.make CMakeFiles/cmTC_55361.dir/build
make[1]: Entering directory '/home/marcus/openrave/build/CMakeFiles/CMakeTmp'
Building C object CMakeFiles/cmTC_55361.dir/CheckIncludeFile.c.o
/usr/bin/cc   -I/usr/include/x86_64-linux-gnu  -O3 -DNDEBUG   -o CMakeFiles/cmTC_55361.dir/CheckIncludeFile.c.o   -c /home/marcus/openrave/build/CMakeFiles/CMakeTmp/CheckIncludeFile.c
/home/marcus/openrave/build/CMakeFiles/CMakeTmp/CheckIncludeFile.c:1:28: fatal error: ffmpeg/avcodec.h: No such file or directory
compilation terminated.
CMakeFiles/cmTC_55361.dir/build.make:65: recipe for target 'CMakeFiles/cmTC_55361.dir/CheckIncludeFile.c.o' failed
make[1]: *** [CMakeFiles/cmTC_55361.dir/CheckIncludeFile.c.o] Error 1
make[1]: Leaving directory '/home/marcus/openrave/build/CMakeFiles/CMakeTmp'
Makefile:126: recipe for target 'cmTC_55361/fast' failed
make: *** [cmTC_55361/fast] Error 2


Determining if the Q_WS_WIN exist failed with the following output:
Change Dir: /home/marcus/openrave/build/CMakeFiles/CMakeTmp

Run Build Command:"/usr/bin/make" "cmTC_c06eb/fast"
/usr/bin/make -f CMakeFiles/cmTC_c06eb.dir/build.make CMakeFiles/cmTC_c06eb.dir/build
make[1]: Entering directory '/home/marcus/openrave/build/CMakeFiles/CMakeTmp'
Building CXX object CMakeFiles/cmTC_c06eb.dir/CheckSymbolExists.cxx.o
/usr/bin/c++    -I/usr/include/qt4  -O3 -DNDEBUG   -o CMakeFiles/cmTC_c06eb.dir/CheckSymbolExists.cxx.o -c /home/marcus/openrave/build/CMakeFiles/CMakeTmp/CheckSymbolExists.cxx
/home/marcus/openrave/build/CMakeFiles/CMakeTmp/CheckSymbolExists.cxx: In function ‘int main(int, char**)’:
/home/marcus/openrave/build/CMakeFiles/CMakeTmp/CheckSymbolExists.cxx:8:19: error: ‘Q_WS_WIN’ was not declared in this scope
   return ((int*)(&Q_WS_WIN))[argc];
                   ^
CMakeFiles/cmTC_c06eb.dir/build.make:65: recipe for target 'CMakeFiles/cmTC_c06eb.dir/CheckSymbolExists.cxx.o' failed
make[1]: *** [CMakeFiles/cmTC_c06eb.dir/CheckSymbolExists.cxx.o] Error 1
make[1]: Leaving directory '/home/marcus/openrave/build/CMakeFiles/CMakeTmp'
Makefile:126: recipe for target 'cmTC_c06eb/fast' failed
make: *** [cmTC_c06eb/fast] Error 2

File /home/marcus/openrave/build/CMakeFiles/CMakeTmp/CheckSymbolExists.cxx:
/* */
#include <QtCore/qglobal.h>

int main(int argc, char** argv)
{
  (void)argv;
#ifndef Q_WS_WIN
  return ((int*)(&Q_WS_WIN))[argc];
#else
  (void)argc;
  return 0;
#endif
}

Determining if the Q_WS_QWS exist failed with the following output:
Change Dir: /home/marcus/openrave/build/CMakeFiles/CMakeTmp

Run Build Command:"/usr/bin/make" "cmTC_b9d57/fast"
/usr/bin/make -f CMakeFiles/cmTC_b9d57.dir/build.make CMakeFiles/cmTC_b9d57.dir/build
make[1]: Entering directory '/home/marcus/openrave/build/CMakeFiles/CMakeTmp'
Building CXX object CMakeFiles/cmTC_b9d57.dir/CheckSymbolExists.cxx.o
/usr/bin/c++    -I/usr/include/qt4  -O3 -DNDEBUG   -o CMakeFiles/cmTC_b9d57.dir/CheckSymbolExists.cxx.o -c /home/marcus/openrave/build/CMakeFiles/CMakeTmp/CheckSymbolExists.cxx
/home/marcus/openrave/build/CMakeFiles/CMakeTmp/CheckSymbolExists.cxx: In function ‘int main(int, char**)’:
/home/marcus/openrave/build/CMakeFiles/CMakeTmp/CheckSymbolExists.cxx:8:19: error: ‘Q_WS_QWS’ was not declared in this scope
   return ((int*)(&Q_WS_QWS))[argc];
                   ^
CMakeFiles/cmTC_b9d57.dir/build.make:65: recipe for target 'CMakeFiles/cmTC_b9d57.dir/CheckSymbolExists.cxx.o' failed
make[1]: *** [CMakeFiles/cmTC_b9d57.dir/CheckSymbolExists.cxx.o] Error 1
make[1]: Leaving directory '/home/marcus/openrave/build/CMakeFiles/CMakeTmp'
Makefile:126: recipe for target 'cmTC_b9d57/fast' failed
make: *** [cmTC_b9d57/fast] Error 2

File /home/marcus/openrave/build/CMakeFiles/CMakeTmp/CheckSymbolExists.cxx:
/* */
#include <QtCore/qglobal.h>

int main(int argc, char** argv)
{
  (void)argv;
#ifndef Q_WS_QWS
  return ((int*)(&Q_WS_QWS))[argc];
#else
  (void)argc;
  return 0;
#endif
}

Determining if the Q_WS_MAC exist failed with the following output:
Change Dir: /home/marcus/openrave/build/CMakeFiles/CMakeTmp

Run Build Command:"/usr/bin/make" "cmTC_badb6/fast"
/usr/bin/make -f CMakeFiles/cmTC_badb6.dir/build.make CMakeFiles/cmTC_badb6.dir/build
make[1]: Entering directory '/home/marcus/openrave/build/CMakeFiles/CMakeTmp'
Building CXX object CMakeFiles/cmTC_badb6.dir/CheckSymbolExists.cxx.o
/usr/bin/c++    -I/usr/include/qt4  -O3 -DNDEBUG   -o CMakeFiles/cmTC_badb6.dir/CheckSymbolExists.cxx.o -c /home/marcus/openrave/build/CMakeFiles/CMakeTmp/CheckSymbolExists.cxx
/home/marcus/openrave/build/CMakeFiles/CMakeTmp/CheckSymbolExists.cxx: In function ‘int main(int, char**)’:
/home/marcus/openrave/build/CMakeFiles/CMakeTmp/CheckSymbolExists.cxx:8:19: error: ‘Q_WS_MAC’ was not declared in this scope
   return ((int*)(&Q_WS_MAC))[argc];
                   ^
CMakeFiles/cmTC_badb6.dir/build.make:65: recipe for target 'CMakeFiles/cmTC_badb6.dir/CheckSymbolExists.cxx.o' failed
make[1]: *** [CMakeFiles/cmTC_badb6.dir/CheckSymbolExists.cxx.o] Error 1
make[1]: Leaving directory '/home/marcus/openrave/build/CMakeFiles/CMakeTmp'
Makefile:126: recipe for target 'cmTC_badb6/fast' failed
make: *** [cmTC_badb6/fast] Error 2

File /home/marcus/openrave/build/CMakeFiles/CMakeTmp/CheckSymbolExists.cxx:
/* */
#include <QtCore/qglobal.h>

int main(int argc, char** argv)
{
  (void)argv;
#ifndef Q_WS_MAC
  return ((int*)(&Q_WS_MAC))[argc];
#else
  (void)argc;
  return 0;
#endif
}

Performing C++ SOURCE FILE Test NEED_TRIINDEX failed with the following output:
Change Dir: /home/marcus/openrave/build/CMakeFiles/CMakeTmp

Run Build Command:"/usr/bin/make" "cmTC_8af90/fast"
/usr/bin/make -f CMakeFiles/cmTC_8af90.dir/build.make CMakeFiles/cmTC_8af90.dir/build
make[1]: Entering directory '/home/marcus/openrave/build/CMakeFiles/CMakeTmp'
Building CXX object CMakeFiles/cmTC_8af90.dir/src.cxx.o
/usr/bin/c++     -DNEED_TRIINDEX  -L/usr/lib/x86_64-linux-gnu -O3 -DNDEBUG   -o CMakeFiles/cmTC_8af90.dir/src.cxx.o -c /home/marcus/openrave/build/CMakeFiles/CMakeTmp/src.cxx
/home/marcus/openrave/build/CMakeFiles/CMakeTmp/src.cxx:4:17: error: conflicting declaration ‘typedef int dTriIndex’
     typedef int dTriIndex;
                 ^
In file included from /usr/include/ode/ode.h:30:0,
                 from /home/marcus/openrave/build/CMakeFiles/CMakeTmp/src.cxx:2:
/usr/include/ode/common.h:85:17: note: previous declaration as ‘typedef duint32 dTriIndex’
 typedef duint32 dTriIndex;
                 ^
CMakeFiles/cmTC_8af90.dir/build.make:65: recipe for target 'CMakeFiles/cmTC_8af90.dir/src.cxx.o' failed
make[1]: *** [CMakeFiles/cmTC_8af90.dir/src.cxx.o] Error 1
make[1]: Leaving directory '/home/marcus/openrave/build/CMakeFiles/CMakeTmp'
Makefile:126: recipe for target 'cmTC_8af90/fast' failed
make: *** [cmTC_8af90/fast] Error 2

Source file was:

    #include <ode/ode.h>

    typedef int dTriIndex;
    int main()
    {
      return 0;
    }
Performing C++ SOURCE FILE Test FCL_HAS_REPLACEOBJECT failed with the following output:
Change Dir: /home/marcus/openrave/build/CMakeFiles/CMakeTmp

Run Build Command:"/usr/bin/make" "cmTC_fdb17/fast"
/usr/bin/make -f CMakeFiles/cmTC_fdb17.dir/build.make CMakeFiles/cmTC_fdb17.dir/build
make[1]: Entering directory '/home/marcus/openrave/build/CMakeFiles/CMakeTmp'
Building CXX object CMakeFiles/cmTC_fdb17.dir/src.cxx.o
/usr/bin/c++     -DFCL_HAS_REPLACEOBJECT -DOPENRAVE_DLL  -fPIC -DOPENRAVE_HAS_LAPACK -std=c++11 -std=c++11  -lfcl -O3 -DNDEBUG   -o CMakeFiles/cmTC_fdb17.dir/src.cxx.o -c /home/marcus/openrave/build/CMakeFiles/CMakeTmp/src.cxx
/home/marcus/openrave/build/CMakeFiles/CMakeTmp/src.cxx: In function ‘int main()’:
/home/marcus/openrave/build/CMakeFiles/CMakeTmp/src.cxx:6:17: error: ‘class fcl::NaiveCollisionManager’ has no member named ‘replaceObject’
         manager.replaceObject(nullptr, nullptr, false);
                 ^
CMakeFiles/cmTC_fdb17.dir/build.make:65: recipe for target 'CMakeFiles/cmTC_fdb17.dir/src.cxx.o' failed
make[1]: *** [CMakeFiles/cmTC_fdb17.dir/src.cxx.o] Error 1
make[1]: Leaving directory '/home/marcus/openrave/build/CMakeFiles/CMakeTmp'
Makefile:126: recipe for target 'cmTC_fdb17/fast' failed
make: *** [cmTC_fdb17/fast] Error 2

Source file was:

      #include <fcl/broadphase/broadphase.h>

      int main() {
        fcl::NaiveCollisionManager manager;
        manager.replaceObject(nullptr, nullptr, false);
        return 0;
      }
Performing C++ SOURCE FILE Test FCL_SUPPORT_BULK_UPDATE failed with the following output:
Change Dir: /home/marcus/openrave/build/CMakeFiles/CMakeTmp

Run Build Command:"/usr/bin/make" "cmTC_ecc73/fast"
/usr/bin/make -f CMakeFiles/cmTC_ecc73.dir/build.make CMakeFiles/cmTC_ecc73.dir/build
make[1]: Entering directory '/home/marcus/openrave/build/CMakeFiles/CMakeTmp'
Building CXX object CMakeFiles/cmTC_ecc73.dir/src.cxx.o
/usr/bin/c++     -DFCL_SUPPORT_BULK_UPDATE -DOPENRAVE_DLL  -fPIC -DOPENRAVE_HAS_LAPACK -std=c++11 -std=c++11  -lfcl -O3 -DNDEBUG   -o CMakeFiles/cmTC_ecc73.dir/src.cxx.o -c /home/marcus/openrave/build/CMakeFiles/CMakeTmp/src.cxx
/home/marcus/openrave/build/CMakeFiles/CMakeTmp/src.cxx: In function ‘int main()’:
/home/marcus/openrave/build/CMakeFiles/CMakeTmp/src.cxx:7:32: error: no matching function for call to ‘fcl::DynamicAABBTreeCollisionManager::update(std::vector<fcl::CollisionObject*>&, bool)’
         manager.update(v, false);
                                ^
In file included from /usr/include/fcl/broadphase/broadphase.h:238:0,
                 from /home/marcus/openrave/build/CMakeFiles/CMakeTmp/src.cxx:2:
/usr/include/fcl/broadphase/broadphase_dynamic_AABB_tree.h:98:8: note: candidate: virtual void fcl::DynamicAABBTreeCollisionManager::update()
   void update();
        ^
/usr/include/fcl/broadphase/broadphase_dynamic_AABB_tree.h:98:8: note:   candidate expects 0 arguments, 2 provided
/usr/include/fcl/broadphase/broadphase_dynamic_AABB_tree.h:101:8: note: candidate: virtual void fcl::DynamicAABBTreeCollisionManager::update(fcl::CollisionObject*)
   void update(CollisionObject* updated_obj);
        ^
/usr/include/fcl/broadphase/broadphase_dynamic_AABB_tree.h:101:8: note:   candidate expects 1 argument, 2 provided
/usr/include/fcl/broadphase/broadphase_dynamic_AABB_tree.h:104:8: note: candidate: virtual void fcl::DynamicAABBTreeCollisionManager::update(const std::vector<fcl::CollisionObject*>&)
   void update(const std::vector<CollisionObject*>& updated_objs);
        ^
/usr/include/fcl/broadphase/broadphase_dynamic_AABB_tree.h:104:8: note:   candidate expects 1 argument, 2 provided
CMakeFiles/cmTC_ecc73.dir/build.make:65: recipe for target 'CMakeFiles/cmTC_ecc73.dir/src.cxx.o' failed
make[1]: *** [CMakeFiles/cmTC_ecc73.dir/src.cxx.o] Error 1
make[1]: Leaving directory '/home/marcus/openrave/build/CMakeFiles/CMakeTmp'
Makefile:126: recipe for target 'cmTC_ecc73/fast' failed
make: *** [cmTC_ecc73/fast] Error 2

Source file was:

      #include <fcl/broadphase/broadphase.h>

      int main() {
        fcl::DynamicAABBTreeCollisionManager manager;
        std::vector<fcl::CollisionObject*> v;
        manager.update(v, false);
        return 0;
      }
